Base path: C:/Program Files (x86)/Unity/Editor/Data
Pipe name: \\.\pipe\UnityShaderCompiler-3-5440
Cmd: getPlatforms
Cmd: compileSnippet
  api=8 type=0 insize=3359 outsize=3072 kw=WATER_REFRACTIVE ok=1
Cmd: compileSnippet
  api=1 type=0 insize=3359 outsize=449 kw=WATER_REFLECTIVE ok=1
Cmd: compileSnippet
  api=8 type=0 insize=3359 outsize=3072 kw=WATER_REFLECTIVE ok=1
Cmd: compileSnippet
  api=0 type=1 insize=3359 outsize=944 kw=WATER_REFLECTIVE ok=1
Cmd: compileSnippet
  api=0 type=1 insize=3359 outsize=823 kw=WATER_SIMPLE ok=1
Cmd: compileSnippet
  api=1 type=0 insize=1008 outsize=132 kw= ok=1
Cmd: compileSnippet
  api=1 type=1 insize=1008 outsize=136 kw= ok=1
Cmd: compileSnippet
  api=1 type=0 insize=1007 outsize=132 kw= ok=1
Cmd: compileSnippet
  api=8 type=0 insize=1171 outsize=2454 kw= ok=1
Cmd: compileSnippet
  api=1 type=0 insize=3253 outsize=335 kw= ok=1
Cmd: compileSnippet
  api=8 type=1 insize=3253 outsize=1698 kw= ok=1
Cmd: compileSnippet
  api=1 type=0 insize=3267 outsize=344 kw= ok=1
Cmd: compileSnippet
  api=1 type=0 insize=3259 outsize=335 kw= ok=1
Cmd: compileSnippet
  api=1 type=0 insize=3259 outsize=335 kw= ok=1
Cmd: compileSnippet
  api=8 type=1 insize=3259 outsize=1698 kw= ok=1
Cmd: compileSnippet
  api=1 type=0 insize=3268 outsize=344 kw= ok=1
Cmd: compileSnippet
  api=1 type=0 insize=3261 outsize=335 kw= ok=1
Cmd: compileSnippet
  api=1 type=0 insize=3254 outsize=335 kw= ok=1
Cmd: compileSnippet
  api=1 type=1 insize=3258 outsize=79 kw= ok=1
Cmd: compileSnippet
  api=1 type=0 insize=4698 outsize=132 kw= ok=1
Cmd: compileSnippet
  api=8 type=1 insize=4698 outsize=1219 kw= ok=1
Cmd: compileSnippet
  api=1 type=1 insize=4703 outsize=329 kw= ok=1
Cmd: compileSnippet
  api=1 type=0 insize=4713 outsize=363 kw= ok=1
Cmd: compileSnippet
  api=8 type=1 insize=4713 outsize=3494 kw= ok=1
Cmd: compileSnippet
  api=1 type=0 insize=4714 outsize=452 kw= ok=1
Cmd: compileSnippet
  api=1 type=1 insize=4714 outsize=765 kw= ok=1
